0 info it worked if it ends with ok
1 verbose cli [ 'E:\\A_software\\nodejs\\node.exe',
1 verbose cli   'E:\\A_software\\nvm\\npm\\node_modules\\npm\\bin\\npm-cli.js',
1 verbose cli   'run',
1 verbose cli   'dev' ]
2 info using npm@4.0.5
3 info using node@v7.3.0
4 verbose run-script [ 'predev', 'dev', 'postdev' ]
5 info lifecycle note-app-vuejs-vuex@1.0.0~predev: note-app-vuejs-vuex@1.0.0
6 silly lifecycle note-app-vuejs-vuex@1.0.0~predev: no script for predev, continuing
7 info lifecycle note-app-vuejs-vuex@1.0.0~dev: note-app-vuejs-vuex@1.0.0
8 verbose lifecycle note-app-vuejs-vuex@1.0.0~dev: unsafe-perm in lifecycle true
9 verbose lifecycle note-app-vuejs-vuex@1.0.0~dev: PATH: E:\A_software\nvm\npm\node_modules\npm\bin\node-gyp-bin;E:\learnWorkspace\success\note-vuex-example\node_modules\.bin;E:\A_software\nvm\npm;E:\A_software\nodejs;C:\Windows\system32;C:\Windows;C:\Windows\System32\Wbem;C:\Windows\System32\WindowsPowerShell\v1.0\;E:\A_software\SVN\bin;E:\A_software\Git\cmd;E:\A_software\TortoiseGit\bin;C:\Users\Administrator\AppData\Local\atom\bin;E:\A_software\nvm;E:\A_software\JDK\bin;E:\A_software\JDK\jre\bin;E:\A_software\Git\bin
10 verbose lifecycle note-app-vuejs-vuex@1.0.0~dev: CWD: E:\learnWorkspace\success\note-vuex-example
11 silly lifecycle note-app-vuejs-vuex@1.0.0~dev: Args: [ '/d /s /c', 'webpack-dev-server --inline --hot' ]
12 silly lifecycle note-app-vuejs-vuex@1.0.0~dev: Returned: code: 3221225786  signal: null
13 info lifecycle note-app-vuejs-vuex@1.0.0~dev: Failed to exec dev script
14 verbose stack Error: note-app-vuejs-vuex@1.0.0 dev: `webpack-dev-server --inline --hot`
14 verbose stack Exit status 3221225786
14 verbose stack     at EventEmitter.<anonymous> (E:\A_software\nvm\npm\node_modules\npm\lib\utils\lifecycle.js:279:16)
14 verbose stack     at emitTwo (events.js:106:13)
14 verbose stack     at EventEmitter.emit (events.js:191:7)
14 verbose stack     at ChildProcess.<anonymous> (E:\A_software\nvm\npm\node_modules\npm\lib\utils\spawn.js:40:14)
14 verbose stack     at emitTwo (events.js:106:13)
14 verbose stack     at ChildProcess.emit (events.js:191:7)
14 verbose stack     at maybeClose (internal/child_process.js:885:16)
14 verbose stack     at Process.ChildProcess._handle.onexit (internal/child_process.js:226:5)
15 verbose pkgid note-app-vuejs-vuex@1.0.0
16 verbose cwd E:\learnWorkspace\success\note-vuex-example
17 error Windows_NT 6.1.7601
18 error argv "E:\\A_software\\nodejs\\node.exe" "E:\\A_software\\nvm\\npm\\node_modules\\npm\\bin\\npm-cli.js" "run" "dev"
19 error node v7.3.0
20 error npm  v4.0.5
21 error code ELIFECYCLE
22 error note-app-vuejs-vuex@1.0.0 dev: `webpack-dev-server --inline --hot`
22 error Exit status 3221225786
23 error Failed at the note-app-vuejs-vuex@1.0.0 dev script 'webpack-dev-server --inline --hot'.
23 error Make sure you have the latest version of node.js and npm installed.
23 error If you do, this is most likely a problem with the note-app-vuejs-vuex package,
23 error not with npm itself.
23 error Tell the author that this fails on your system:
23 error     webpack-dev-server --inline --hot
23 error You can get information on how to open an issue for this project with:
23 error     npm bugs note-app-vuejs-vuex
23 error Or if that isn't available, you can get their info via:
23 error     npm owner ls note-app-vuejs-vuex
23 error There is likely additional logging output above.
24 verbose exit [ 1, true ]
